2018-07-21 16:23:40 -  - exec CUpdateClientPartner::__CollectRequestData
2018-07-21 16:23:40 -  - exec CUpdateClientPartner::GetHTTPPage
2018-07-21 16:23:40 -  - exec CUpdateClientPartner::ParseServerData
2018-07-21 16:23:40 -  - exec CUpdateClientPartner::GetUpdatesList
2018-07-21 16:23:40 -  - exec CUpdateClientPartner::__CollectRequestData
2018-07-21 16:23:40 -  - utf=Y&lang=ru&stable=Y&CANGZIP=Y&SUPD_DBS=MYSQL&XE=N&CLIENT_SITE=testoptimalgroup.maler1988.tmweb.ru&LICENSE_KEY=X&SUPD_STS=1&SUPD_URS=0&SUPD_URSA=1&TYPENC=D&CLIENT_PHPVER=5.6.30&NGINX=Y&dbv=5.6.39&instm=main%2C18.0.0%2CY%3Bsubscribe%2C17.5.0%2CN%3Bmessageservice%2C18.0.0%2CN%3Bperfmon%2C17.0.1%2CN%3Bmobileapp%2C17.5.1%2CN%3Blanding%2C18.3.0%2CN%3Brest%2C18.0.0%2CN%3Bscale%2C17.5.0%2CN%3Bblog%2C17.6.1%2CN%3Bcurrency%2C17.5.4%2CN%3Btranslate%2C16.0.0%2CN%3Bseo%2C18.0.0%2CN%3Bhighloadblock%2C17.5.0%2CN%3Breport%2C18.0.4%2CN%3Bsearch%2C17.5.1%2CN%3Bsale%2C17.8.19%2CN%3Bsender%2C18.0.0%2CN%3Bbitrix.sitecorporate%2C15.5.0%2CN%3Bbitrixcloud%2C17.5.0%2CN%3Bvote%2C17.5.1%2CN%3Bforum%2C17.5.5%2CN%3Beshopapp%2C16.5.0%2CN%3Bclouds%2C17.0.2%2CN%3Bform%2C17.0.1%2CN%3Bcatalog%2C17.6.2%2CN%3Babtest%2C17.5.0%2CN%3Bbitrix.eshop%2C17.5.0%2CN%3Bfileman%2C17.5.12%2CN%3Bui%2C17.6.0%2CN%3Biblock%2C17.6.3%2CN%3Bb24connector%2C17.5.0%2CN%3Bcompression%2C16.0.0%2CN%3Bstoreassist%2C16.0.1%2CN%3Bphotogallery%2C17.0.2%2CN%3Bconversion%2C17.5.0%2CN%3Bsecurity%2C17.0.2%2CN%3Bsocialservices%2C17.5.4%2CN%3Bpull%2C17.5.4%2CN&reqm=bitrix.sitecorporate%2Cbitrix.eshop&fullmoduleinfo=Y&SUPD_SRS=RU&SUPD_CMP=N
2018-07-21 16:23:40 -  - exec CUpdateClientPartner::GetHTTPPage
2018-07-21 16:23:40 -  - TIME GetUpdatesList(request) 0.254 sec
2018-07-21 16:23:40 -  - exec CUpdateClientPartner::ParseServerData
2018-07-21 16:23:40 -  - exec CUpdateClientPartner::__CollectRequestData
2018-07-21 16:23:40 -  - exec CUpdateClientPartner::GetHTTPPage
2018-07-21 16:23:41 -  - exec CUpdateClientPartner::ParseServerData
2018-07-23 10:52:16 -  - exec CUpdateClientPartner::__CollectRequestData
2018-07-23 10:52:16 -  - exec CUpdateClientPartner::GetHTTPPage
2018-07-23 10:52:16 -  - exec CUpdateClientPartner::ParseServerData
2018-07-23 10:52:16 -  - exec CUpdateClientPartner::GetUpdatesList
2018-07-23 10:52:16 -  - exec CUpdateClientPartner::__CollectRequestData
2018-07-23 10:52:16 -  - utf=Y&lang=ru&stable=Y&CANGZIP=Y&SUPD_DBS=MYSQL&XE=N&CLIENT_SITE=testoptimalgroup.maler1988.tmweb.ru&LICENSE_KEY=X&SUPD_STS=1&SUPD_URS=0&SUPD_URSA=1&TYPENC=D&CLIENT_PHPVER=5.6.30&NGINX=Y&dbv=5.6.39&instm=main%2C18.0.0%2CY%3Bsubscribe%2C17.5.0%2CN%3Bmessageservice%2C18.0.0%2CN%3Bperfmon%2C17.0.1%2CN%3Bmobileapp%2C17.5.1%2CN%3Blanding%2C18.3.0%2CN%3Brest%2C18.0.0%2CN%3Bscale%2C17.5.0%2CN%3Bblog%2C17.6.1%2CN%3Bcurrency%2C17.5.4%2CN%3Btranslate%2C16.0.0%2CN%3Bseo%2C18.0.0%2CN%3Bhighloadblock%2C17.5.0%2CN%3Breport%2C18.0.4%2CN%3Bsearch%2C17.5.1%2CN%3Bsale%2C17.8.19%2CN%3Bsender%2C18.0.0%2CN%3Bbitrix.sitecorporate%2C15.5.0%2CN%3Bbitrixcloud%2C17.5.0%2CN%3Bvote%2C17.5.1%2CN%3Bforum%2C17.5.5%2CN%3Beshopapp%2C16.5.0%2CN%3Bclouds%2C17.0.2%2CN%3Bform%2C17.0.1%2CN%3Bcatalog%2C17.6.2%2CN%3Babtest%2C17.5.0%2CN%3Bbitrix.eshop%2C17.5.0%2CN%3Bfileman%2C17.5.12%2CN%3Bui%2C17.6.0%2CN%3Biblock%2C17.6.3%2CN%3Bb24connector%2C17.5.0%2CN%3Bcompression%2C16.0.0%2CN%3Bstoreassist%2C16.0.1%2CN%3Bphotogallery%2C17.0.2%2CN%3Bconversion%2C17.5.0%2CN%3Bsecurity%2C17.0.2%2CN%3Bsocialservices%2C17.5.4%2CN%3Bpull%2C17.5.4%2CN&reqm=bitrix.sitecorporate%2Cbitrix.eshop&fullmoduleinfo=Y&SUPD_SRS=RU&SUPD_CMP=N
2018-07-23 10:52:16 -  - exec CUpdateClientPartner::GetHTTPPage
2018-07-23 10:52:16 -  - TIME GetUpdatesList(request) 0.279 sec
2018-07-23 10:52:16 -  - exec CUpdateClientPartner::ParseServerData
2018-07-23 10:52:16 -  - exec CUpdateClientPartner::__CollectRequestData
2018-07-23 10:52:16 -  - exec CUpdateClientPartner::GetHTTPPage
2018-07-23 10:52:16 -  - exec CUpdateClientPartner::ParseServerData
2018-07-23 12:56:55 -  - exec CUpdateClientPartner::GetUpdatesList
2018-07-23 12:56:55 -  - exec CUpdateClientPartner::__CollectRequestData
2018-07-23 12:56:55 -  - utf=Y&lang=ru&stable=Y&CANGZIP=Y&SUPD_DBS=MYSQL&XE=N&CLIENT_SITE=testoptimalgroup.maler1988.tmweb.ru&LICENSE_KEY=X&SUPD_STS=1&SUPD_URS=0&SUPD_URSA=1&TYPENC=D&CLIENT_PHPVER=5.6.30&NGINX=Y&dbv=5.6.39&instm=main%2C18.0.0%2CY%3Bsubscribe%2C17.5.0%2CN%3Bmessageservice%2C18.0.0%2CN%3Bperfmon%2C17.0.1%2CN%3Bmobileapp%2C17.5.1%2CN%3Blanding%2C18.3.0%2CN%3Brest%2C18.0.0%2CN%3Bscale%2C17.5.0%2CN%3Bblog%2C17.6.1%2CN%3Bcurrency%2C17.5.4%2CN%3Btranslate%2C16.0.0%2CN%3Bseo%2C18.0.0%2CN%3Bhighloadblock%2C17.5.0%2CN%3Breport%2C18.0.4%2CN%3Bsearch%2C17.5.1%2CN%3Bsale%2C17.8.19%2CN%3Bsender%2C18.0.0%2CN%3Bbitrix.sitecorporate%2C15.5.0%2CN%3Bbitrixcloud%2C17.5.0%2CN%3Bvote%2C17.5.1%2CN%3Bforum%2C17.5.5%2CN%3Beshopapp%2C16.5.0%2CN%3Bclouds%2C17.0.2%2CN%3Bform%2C17.0.1%2CN%3Bcatalog%2C17.6.2%2CN%3Babtest%2C17.5.0%2CN%3Bbitrix.eshop%2C17.5.0%2CN%3Bfileman%2C17.5.12%2CN%3Bui%2C17.6.0%2CN%3Biblock%2C17.6.3%2CN%3Bb24connector%2C17.5.0%2CN%3Bcompression%2C16.0.0%2CN%3Bstoreassist%2C16.0.1%2CN%3Bphotogallery%2C17.0.2%2CN%3Bconversion%2C17.5.0%2CN%3Bsecurity%2C17.0.2%2CN%3Bsocialservices%2C17.5.4%2CN%3Bpull%2C17.5.4%2CN&reqm=bitrix.sitecorporate%2Cbitrix.eshop%2Caskaron.agents&SUPD_SRS=RU&SUPD_CMP=N
2018-07-23 12:56:55 -  - exec CUpdateClientPartner::GetHTTPPage
2018-07-23 12:56:56 -  - TIME GetUpdatesList(request) 0.277 sec
2018-07-23 12:56:56 -  - exec CUpdateClientPartner::ParseServerData
2018-07-23 12:57:07 -  - exec CUpdateClientPartner::LoadModulesUpdates
2018-07-23 12:57:07 -  - exec CUpdateClientPartner::__CollectRequestData
2018-07-23 12:57:07 -  - utf=Y&lang=ru&stable=Y&CANGZIP=Y&SUPD_DBS=MYSQL&XE=N&CLIENT_SITE=testoptimalgroup.maler1988.tmweb.ru&LICENSE_KEY=X&SUPD_STS=1&SUPD_URS=0&SUPD_URSA=1&TYPENC=D&CLIENT_PHPVER=5.6.30&NGINX=Y&dbv=5.6.39&instm=main%2C18.0.0%2CY%3Bsubscribe%2C17.5.0%2CN%3Bmessageservice%2C18.0.0%2CN%3Bperfmon%2C17.0.1%2CN%3Bmobileapp%2C17.5.1%2CN%3Blanding%2C18.3.0%2CN%3Brest%2C18.0.0%2CN%3Bscale%2C17.5.0%2CN%3Bblog%2C17.6.1%2CN%3Bcurrency%2C17.5.4%2CN%3Btranslate%2C16.0.0%2CN%3Bseo%2C18.0.0%2CN%3Bhighloadblock%2C17.5.0%2CN%3Breport%2C18.0.4%2CN%3Bsearch%2C17.5.1%2CN%3Bsale%2C17.8.19%2CN%3Bsender%2C18.0.0%2CN%3Bbitrix.sitecorporate%2C15.5.0%2CN%3Bbitrixcloud%2C17.5.0%2CN%3Bvote%2C17.5.1%2CN%3Bforum%2C17.5.5%2CN%3Beshopapp%2C16.5.0%2CN%3Bclouds%2C17.0.2%2CN%3Bform%2C17.0.1%2CN%3Bcatalog%2C17.6.2%2CN%3Babtest%2C17.5.0%2CN%3Bbitrix.eshop%2C17.5.0%2CN%3Bfileman%2C17.5.12%2CN%3Bui%2C17.6.0%2CN%3Biblock%2C17.6.3%2CN%3Bb24connector%2C17.5.0%2CN%3Bcompression%2C16.0.0%2CN%3Bstoreassist%2C16.0.1%2CN%3Bphotogallery%2C17.0.2%2CN%3Bconversion%2C17.5.0%2CN%3Bsecurity%2C17.0.2%2CN%3Bsocialservices%2C17.5.4%2CN%3Bpull%2C17.5.4%2CN&reqm=askaron.agents&lim=Y&SUPD_SRS=RU&SUPD_CMP=N
2018-07-23 12:57:07 -  - exec CUpdateClientPartner::GetHTTPPage
2018-07-23 12:57:08 -  - TIME LoadModulesUpdates(request) 0.263 sec
2018-07-23 12:57:08 -  - exec CUpdateClientPartner::ParseServerData
2018-07-23 12:57:08 - S - STEP
2018-07-23 12:57:08 - LMU01 - LoadModulesUpdates-Step
2018-07-23 12:57:08 -  - exec CUpdateClientPartner::LoadModulesUpdates
2018-07-23 12:57:08 -  - exec CUpdateClientPartner::ParseServerData
2018-07-23 12:57:08 -  - loadFile
2018-07-23 12:57:08 - U - RETURN
2018-07-23 12:57:08 -  - exec CUpdateClientPartner::UnGzipArchive
2018-07-23 12:57:08 -  - TIME UnGzipArchive 0.004 sec
2018-07-23 12:57:08 -  - TIME UpdateStepModules 0.006 sec
2018-07-23 12:57:08 - UPD_SUCCESS - Updated: askaron.agents
2018-07-23 12:57:08 -  - exec CUpdateClientPartner::LoadModulesUpdates
2018-07-23 12:57:08 -  - exec CUpdateClientPartner::__CollectRequestData
2018-07-23 12:57:08 -  - utf=Y&lang=ru&stable=Y&CANGZIP=Y&SUPD_DBS=MYSQL&XE=N&CLIENT_SITE=testoptimalgroup.maler1988.tmweb.ru&LICENSE_KEY=X&SUPD_STS=1&SUPD_URS=0&SUPD_URSA=1&TYPENC=D&CLIENT_PHPVER=5.6.30&NGINX=Y&dbv=5.6.39&instm=main%2C18.0.0%2CY%3Bsubscribe%2C17.5.0%2CN%3Bmessageservice%2C18.0.0%2CN%3Bperfmon%2C17.0.1%2CN%3Bmobileapp%2C17.5.1%2CN%3Blanding%2C18.3.0%2CN%3Brest%2C18.0.0%2CN%3Bscale%2C17.5.0%2CN%3Bblog%2C17.6.1%2CN%3Bcurrency%2C17.5.4%2CN%3Btranslate%2C16.0.0%2CN%3Bseo%2C18.0.0%2CN%3Bhighloadblock%2C17.5.0%2CN%3Breport%2C18.0.4%2CN%3Bsearch%2C17.5.1%2CN%3Bsale%2C17.8.19%2CN%3Bsender%2C18.0.0%2CN%3Bbitrix.sitecorporate%2C15.5.0%2CN%3Bbitrixcloud%2C17.5.0%2CN%3Bvote%2C17.5.1%2CN%3Bforum%2C17.5.5%2CN%3Beshopapp%2C16.5.0%2CN%3Bclouds%2C17.0.2%2CN%3Bform%2C17.0.1%2CN%3Bcatalog%2C17.6.2%2CN%3Baskaron.agents%2C1.0.1%2CN%3Babtest%2C17.5.0%2CN%3Bbitrix.eshop%2C17.5.0%2CN%3Bfileman%2C17.5.12%2CN%3Bui%2C17.6.0%2CN%3Biblock%2C17.6.3%2CN%3Bb24connector%2C17.5.0%2CN%3Bcompression%2C16.0.0%2CN%3Bstoreassist%2C16.0.1%2CN%3Bphotogallery%2C17.0.2%2CN%3Bconversion%2C17.5.0%2CN%3Bsecurity%2C17.0.2%2CN%3Bsocialservices%2C17.5.4%2CN%3Bpull%2C17.5.4%2CN&reqm=askaron.agents&lim=Y&SUPD_SRS=RU&SUPD_CMP=N
2018-07-23 12:57:08 -  - exec CUpdateClientPartner::GetHTTPPage
2018-07-23 12:57:08 -  - TIME LoadModulesUpdates(request) 0.257 sec
2018-07-23 12:57:08 -  - exec CUpdateClientPartner::ParseServerData
2018-07-23 12:57:08 - STEP - Finish - NOUPDATES
2018-07-23 12:57:08 - STEP - Finish - NOUPDATES
2018-07-23 12:57:58 -  - exec CUpdateClientPartner::GetUpdatesList
2018-07-23 12:57:58 -  - exec CUpdateClientPartner::__CollectRequestData
2018-07-23 12:57:58 -  - utf=Y&lang=ru&stable=Y&CANGZIP=Y&SUPD_DBS=MYSQL&XE=N&CLIENT_SITE=testoptimalgroup.maler1988.tmweb.ru&LICENSE_KEY=X&SUPD_STS=1&SUPD_URS=0&SUPD_URSA=1&TYPENC=D&CLIENT_PHPVER=5.6.30&NGINX=Y&dbv=5.6.39&instm=main%2C18.0.0%2CY%3Bsubscribe%2C17.5.0%2CN%3Bmessageservice%2C18.0.0%2CN%3Bperfmon%2C17.0.1%2CN%3Bmobileapp%2C17.5.1%2CN%3Blanding%2C18.3.0%2CN%3Brest%2C18.0.0%2CN%3Bscale%2C17.5.0%2CN%3Bblog%2C17.6.1%2CN%3Bcurrency%2C17.5.4%2CN%3Btranslate%2C16.0.0%2CN%3Bseo%2C18.0.0%2CN%3Bhighloadblock%2C17.5.0%2CN%3Breport%2C18.0.4%2CN%3Bsearch%2C17.5.1%2CN%3Bsale%2C17.8.19%2CN%3Bsender%2C18.0.0%2CN%3Bbitrix.sitecorporate%2C15.5.0%2CN%3Bbitrixcloud%2C17.5.0%2CN%3Bvote%2C17.5.1%2CN%3Bforum%2C17.5.5%2CN%3Beshopapp%2C16.5.0%2CN%3Bclouds%2C17.0.2%2CN%3Bform%2C17.0.1%2CN%3Bcatalog%2C17.6.2%2CN%3Baskaron.agents%2C1.0.1%2CN%3Babtest%2C17.5.0%2CN%3Bbitrix.eshop%2C17.5.0%2CN%3Bfileman%2C17.5.12%2CN%3Bui%2C17.6.0%2CN%3Biblock%2C17.6.3%2CN%3Bb24connector%2C17.5.0%2CN%3Bcompression%2C16.0.0%2CN%3Bstoreassist%2C16.0.1%2CN%3Bphotogallery%2C17.0.2%2CN%3Bconversion%2C17.5.0%2CN%3Bsecurity%2C17.0.2%2CN%3Bsocialservices%2C17.5.4%2CN%3Bpull%2C17.5.4%2CN&reqm=bitrix.sitecorporate%2Caskaron.agents%2Cbitrix.eshop&fullmoduleinfo=Y&SUPD_SRS=RU&SUPD_CMP=N
2018-07-23 12:57:58 -  - exec CUpdateClientPartner::GetHTTPPage
2018-07-23 12:57:58 -  - TIME GetUpdatesList(request) 0.287 sec
2018-07-23 12:57:58 -  - exec CUpdateClientPartner::ParseServerData
